2026-04-30 23:02:41,912 [INFO] Running DEMO mode with synthetic data...
2026-04-30 23:02:42,440 [INFO] Failed to extract font properties from /usr/share/fonts/truetype/noto/NotoColorEmoji.ttf: Can not load face (unknown file format; error code 0x2)
2026-04-30 23:02:42,711 [INFO] generated new fontManager
2026-04-30 23:02:46,148 [INFO] Generating synthetic demo data...
2026-04-30 23:02:46,150 [INFO] Training models for demo...
2026-04-30 23:02:46,151 [INFO] Generating synthetic training data...
2026-04-30 23:02:46,938 [INFO] Training AdaBoost...
2026-04-30 23:02:48,507 [INFO]   AdaBoost: MAE=0.8120, R²=0.5248
2026-04-30 23:02:48,507 [INFO] Training GradientBoosting...
2026-04-30 23:02:50,184 [INFO]   GBM:      MAE=0.7887, R²=0.5461
2026-04-30 23:02:50,184 [INFO] Training PyTorch Neural Network...
2026-04-30 23:02:51,690 [INFO]     NN Epoch 0/50: loss=1.8244
2026-04-30 23:02:52,848 [INFO]     NN Epoch 10/50: loss=1.3190
2026-04-30 23:02:54,014 [INFO]     NN Epoch 20/50: loss=1.2778
2026-04-30 23:02:55,201 [INFO]     NN Epoch 30/50: loss=1.2589
2026-04-30 23:02:56,361 [INFO]     NN Epoch 40/50: loss=1.2388
2026-04-30 23:02:57,400 [INFO]   Neural Net: MAE=0.8032, R²=0.5197
2026-04-30 23:02:57,400 [INFO] Training complete. Weights: ADA=0.33, GBM=0.34, NN=0.33
2026-04-30 23:03:10,022 [INFO] Running DEMO mode with synthetic data...
2026-04-30 23:03:12,582 [INFO] Generating synthetic demo data...
2026-04-30 23:03:12,585 [INFO] Training models for demo...
2026-04-30 23:03:12,585 [INFO] Generating synthetic training data...
2026-04-30 23:03:13,351 [INFO] Training AdaBoost...
2026-04-30 23:03:14,904 [INFO]   AdaBoost: MAE=0.8120, R²=0.5248
2026-04-30 23:03:14,904 [INFO] Training GradientBoosting...
2026-04-30 23:03:16,590 [INFO]   GBM:      MAE=0.7887, R²=0.5461
2026-04-30 23:03:16,590 [INFO] Training PyTorch Neural Network...
2026-04-30 23:03:17,814 [INFO]     NN Epoch 0/50: loss=1.9806
2026-04-30 23:03:18,996 [INFO]     NN Epoch 10/50: loss=1.3091
2026-04-30 23:03:20,188 [INFO]     NN Epoch 20/50: loss=1.2578
2026-04-30 23:03:21,353 [INFO]     NN Epoch 30/50: loss=1.2421
2026-04-30 23:03:22,511 [INFO]     NN Epoch 40/50: loss=1.2398
2026-04-30 23:03:23,574 [INFO]   Neural Net: MAE=0.7998, R²=0.5234
2026-04-30 23:03:23,574 [INFO] Training complete. Weights: ADA=0.33, GBM=0.34, NN=0.33
